[debug] [2019-08-14T14:21:32.896Z] ----------------------------------------------------------------------
[debug] [2019-08-14T14:21:32.898Z] Command:       C:\Program Files\nodejs\node.exe C:\Users\User\AppData\Roaming\npm\node_modules\firebase-tools\lib\bin\firebase.js serve
[debug] [2019-08-14T14:21:32.898Z] CLI Version:   7.2.2
[debug] [2019-08-14T14:21:32.898Z] Platform:      win32
[debug] [2019-08-14T14:21:32.898Z] Node Version:  v8.12.0
[debug] [2019-08-14T14:21:32.899Z] Time:          Wed Aug 14 2019 21:21:32 GMT+0700 (SE Asia Standard Time)
[debug] [2019-08-14T14:21:32.899Z] ----------------------------------------------------------------------
[debug] 
[debug] [2019-08-14T14:21:32.907Z] > command requires scopes: ["email","openid","https://www.googleapis.com/auth/cloudplatformprojects.readonly","https://www.googleapis.com/auth/firebase","https://www.googleapis.com/auth/cloud-platform"]
[debug] [2019-08-14T14:21:32.908Z] > authorizing via signed-in user
[debug] [2019-08-14T14:21:32.908Z] [iam] checking project testproject-f89be for permissions ["firebase.projects.get"]
[debug] [2019-08-14T14:21:32.910Z] > refreshing access token with scopes: ["email","https://www.googleapis.com/auth/cloud-platform","https://www.googleapis.com/auth/cloudplatformprojects.readonly","https://www.googleapis.com/auth/firebase","openid"]
[debug] [2019-08-14T14:21:32.910Z] >>> HTTP REQUEST POST https://www.googleapis.com/oauth2/v3/token  
 <request body omitted>
[debug] [2019-08-14T14:21:33.197Z] <<< HTTP RESPONSE 200
[debug] [2019-08-14T14:21:33.251Z] >>> HTTP REQUEST POST https://cloudresourcemanager.googleapis.com/v1/projects/testproject-f89be:testIamPermissions  

[debug] [2019-08-14T14:21:34.149Z] <<< HTTP RESPONSE 200
[debug] [2019-08-14T14:21:34.150Z] >>> HTTP REQUEST GET https://firebase.googleapis.com/v1beta1/projects/testproject-f89be  
 
[debug] [2019-08-14T14:21:35.080Z] <<< HTTP RESPONSE 200
[info] 
[info] === Serving from 'D:\scb'...
[info] 
[debug] [2019-08-14T14:21:35.084Z] >>> HTTP REQUEST GET https://firebase.googleapis.com/v1beta1/projects/testproject-f89be/webApps/-/config  
 
[debug] [2019-08-14T14:21:35.522Z] <<< HTTP RESPONSE 200
[info] i  hosting: Serving hosting files from: y
[info] +  hosting: Local server: http://localhost:5000
[debug] [2019-08-14T16:30:25.400Z] ----------------------------------------------------------------------
[debug] [2019-08-14T16:30:25.417Z] Command:       C:\Program Files\nodejs\node.exe C:\Users\User\AppData\Roaming\npm\node_modules\firebase-tools\lib\bin\firebase.js serve
[debug] [2019-08-14T16:30:25.417Z] CLI Version:   7.2.2
[debug] [2019-08-14T16:30:25.417Z] Platform:      win32
[debug] [2019-08-14T16:30:25.417Z] Node Version:  v8.12.0
[debug] [2019-08-14T16:30:25.464Z] Time:          Wed Aug 14 2019 23:30:25 GMT+0700 (SE Asia Standard Time)
[debug] [2019-08-14T16:30:25.464Z] ----------------------------------------------------------------------
[debug] 
[debug] [2019-08-14T16:30:25.699Z] > command requires scopes: ["email","openid","https://www.googleapis.com/auth/cloudplatformprojects.readonly","https://www.googleapis.com/auth/firebase","https://www.googleapis.com/auth/cloud-platform"]
[debug] [2019-08-14T16:30:25.703Z] > authorizing via signed-in user
[debug] [2019-08-14T16:30:25.703Z] [iam] checking project testproject-f89be for permissions ["firebase.projects.get"]
[debug] [2019-08-14T16:30:25.715Z] > refreshing access token with scopes: ["email","https://www.googleapis.com/auth/cloud-platform","https://www.googleapis.com/auth/cloudplatformprojects.readonly","https://www.googleapis.com/auth/firebase","openid"]
[debug] [2019-08-14T16:30:25.715Z] >>> HTTP REQUEST POST https://www.googleapis.com/oauth2/v3/token  
 <request body omitted>
[debug] [2019-08-14T16:30:27.289Z] <<< HTTP RESPONSE 200
[debug] [2019-08-14T16:30:27.688Z] >>> HTTP REQUEST POST https://cloudresourcemanager.googleapis.com/v1/projects/testproject-f89be:testIamPermissions  

[debug] [2019-08-14T16:30:29.166Z] <<< HTTP RESPONSE 200
[debug] [2019-08-14T16:30:29.166Z] >>> HTTP REQUEST GET https://firebase.googleapis.com/v1beta1/projects/testproject-f89be  
 
[debug] [2019-08-14T16:30:29.699Z] <<< HTTP RESPONSE 200
[info] 
[info] === Serving from 'D:\scb'...
[info] 
[debug] [2019-08-14T16:30:30.013Z] >>> HTTP REQUEST GET https://firebase.googleapis.com/v1beta1/projects/testproject-f89be/webApps/-/config  
 
[debug] [2019-08-14T16:30:30.535Z] <<< HTTP RESPONSE 200
[info] i  hosting: Serving hosting files from: y
[info] +  hosting: Local server: http://localhost:5000
[debug] [2019-08-15T05:14:27.293Z] ----------------------------------------------------------------------
[debug] [2019-08-15T05:14:27.298Z] Command:       C:\Program Files\nodejs\node.exe C:\Users\User\AppData\Roaming\npm\node_modules\firebase-tools\lib\bin\firebase.js serve
[debug] [2019-08-15T05:14:27.298Z] CLI Version:   7.2.2
[debug] [2019-08-15T05:14:27.298Z] Platform:      win32
[debug] [2019-08-15T05:14:27.298Z] Node Version:  v8.12.0
[debug] [2019-08-15T05:14:27.298Z] Time:          Thu Aug 15 2019 12:14:27 GMT+0700 (SE Asia Standard Time)
[debug] [2019-08-15T05:14:27.298Z] ----------------------------------------------------------------------
[debug] 
[debug] [2019-08-15T05:14:27.432Z] > command requires scopes: ["email","openid","https://www.googleapis.com/auth/cloudplatformprojects.readonly","https://www.googleapis.com/auth/firebase","https://www.googleapis.com/auth/cloud-platform"]
[debug] [2019-08-15T05:14:27.435Z] > authorizing via signed-in user
[debug] [2019-08-15T05:14:27.436Z] [iam] checking project testproject-f89be for permissions ["firebase.projects.get"]
[debug] [2019-08-15T05:14:27.441Z] > refreshing access token with scopes: ["email","https://www.googleapis.com/auth/cloud-platform","https://www.googleapis.com/auth/cloudplatformprojects.readonly","https://www.googleapis.com/auth/firebase","openid"]
[debug] [2019-08-15T05:14:27.441Z] >>> HTTP REQUEST POST https://www.googleapis.com/oauth2/v3/token  
 <request body omitted>
[debug] [2019-08-15T05:14:27.738Z] <<< HTTP RESPONSE 200
[debug] [2019-08-15T05:14:27.860Z] >>> HTTP REQUEST POST https://cloudresourcemanager.googleapis.com/v1/projects/testproject-f89be:testIamPermissions  

[debug] [2019-08-15T05:14:29.628Z] <<< HTTP RESPONSE 200
[debug] [2019-08-15T05:14:29.630Z] >>> HTTP REQUEST GET https://firebase.googleapis.com/v1beta1/projects/testproject-f89be  
 
[debug] [2019-08-15T05:14:30.529Z] <<< HTTP RESPONSE 200
[info] 
[info] === Serving from 'D:\scb'...
[info] 
[debug] [2019-08-15T05:14:30.598Z] >>> HTTP REQUEST GET https://firebase.googleapis.com/v1beta1/projects/testproject-f89be/webApps/-/config  
 
[debug] [2019-08-15T05:14:31.267Z] <<< HTTP RESPONSE 200
[info] i  hosting: Serving hosting files from: y
[info] +  hosting: Local server: http://localhost:5000
